2022-12-15T09:54:50.091Z
cwd: /Users/simon.nebesnuick/Documents/GitHub/book-a-prison-visit-prototype
package: govuk-prototype-kit@13.0.1
argv: /usr/local/bin/node /Users/simon.nebesnuick/.npm/_npx/ab0cb2c39bc0319f/node_modules/.bin/govuk-prototype-kit migrate
Started [Check migration is being applied to a pre v13 prototype]
Succeeded [Check migration is being applied to a pre v13 prototype]
2022-12-15T09:54:58.222Z
cwd: /Users/simon.nebesnuick/Documents/GitHub/book-a-prison-visit-prototype
package: govuk-prototype-kit@13.0.1
argv: /usr/local/bin/node /Users/simon.nebesnuick/Documents/GitHub/book-a-prison-visit-prototype/node_modules/.bin/govuk-prototype-kit migrate -- /Users/simon.nebesnuick/Documents/GitHub/book-a-prison-visit-prototype
Started [Migrate config.js to config.json]
Started [Update application SCSS file]
Started [Deleted files that are no longer needed]
Started [Deleted directories that are no longer needed]
Started [Delete /Users/simon.nebesnuick/Documents/GitHub/book-a-prison-visit-prototype/listen-on-port.js]
Started [Delete /Users/simon.nebesnuick/Documents/GitHub/book-a-prison-visit-prototype/server.js]
Started [Delete /Users/simon.nebesnuick/Documents/GitHub/book-a-prison-visit-prototype/start.js]
Started [Delete /Users/simon.nebesnuick/Documents/GitHub/book-a-prison-visit-prototype/gulpfile.js]
Started [Delete /Users/simon.nebesnuick/Documents/GitHub/book-a-prison-visit-prototype/VERSION.txt]
Started [Delete /Users/simon.nebesnuick/Documents/GitHub/book-a-prison-visit-prototype/Procfile]
Started [Delete /Users/simon.nebesnuick/Documents/GitHub/book-a-prison-visit-prototype/app/assets/sass/application-ie8.scss]
Started [Delete /Users/simon.nebesnuick/Documents/GitHub/book-a-prison-visit-prototype/app/assets/sass/unbranded-ie8.scss]
Started [Remove unused directory docs]
Started [Remove unused directory gulp]
Started [Remove unused directory lib]
Succeeded [Migrate config.js to config.json]
Started [Overwrite app/assets/javascripts/application.js]
Started [Overwrite app/filters.js]
Started [Overwrite app/views/layout.html]
Succeeded [Delete /Users/simon.nebesnuick/Documents/GitHub/book-a-prison-visit-prototype/start.js]
Succeeded [Delete /Users/simon.nebesnuick/Documents/GitHub/book-a-prison-visit-prototype/gulpfile.js]
Succeeded [Delete /Users/simon.nebesnuick/Documents/GitHub/book-a-prison-visit-prototype/listen-on-port.js]
Succeeded [Delete /Users/simon.nebesnuick/Documents/GitHub/book-a-prison-visit-prototype/app/assets/sass/application-ie8.scss]
Succeeded [Delete /Users/simon.nebesnuick/Documents/GitHub/book-a-prison-visit-prototype/server.js]
Succeeded [Delete /Users/simon.nebesnuick/Documents/GitHub/book-a-prison-visit-prototype/app/assets/sass/unbranded-ie8.scss]
Succeeded [Delete /Users/simon.nebesnuick/Documents/GitHub/book-a-prison-visit-prototype/Procfile]
Succeeded [Delete /Users/simon.nebesnuick/Documents/GitHub/book-a-prison-visit-prototype/VERSION.txt]
Failed [Overwrite app/assets/javascripts/application.js]
copying from [/Users/simon.nebesnuick/Documents/GitHub/book-a-prison-visit-prototype/node_modules/govuk-prototype-kit/prototype-starter/app/filters.js] to [/Users/simon.nebesnuick/Documents/GitHub/book-a-prison-visit-prototype/app/filters.js]
Started [Delete app/assets/images/unbranded.ico]
Started [Delete app/assets/images/separator-2x.png]
Started [Delete app/assets/javascripts/auto-store-data.js]
Started [Delete app/assets/javascripts/jquery-1.11.3.js]
Started [Delete app/assets/images/separator.png]
Started [Delete app/assets/sass/unbranded.scss]
Started [Delete app/assets/sass/patterns/_step-by-step-header.scss]
Started [Delete app/views/layout_unbranded.html]
Started [Delete app/assets/sass/patterns/_step-by-step-related.scss]
Started [Delete app/assets/sass/patterns/_related-items.scss]
Started [Delete app/views/includes/breadcrumb_examples.html]
Started [Delete app/assets/sass/patterns/_step-by-step-nav.scss]
Started [Delete app/assets/sass/patterns/_task-list.scss]
copying from [/Users/simon.nebesnuick/Documents/GitHub/book-a-prison-visit-prototype/node_modules/govuk-prototype-kit/prototype-starter/app/views/layouts/main.html] to [/Users/simon.nebesnuick/Documents/GitHub/book-a-prison-visit-prototype/app/views/layout.html]
Succeeded [Deleted files that are no longer needed]
Could not found [// Add your routes here - above the module.exports line] in [/Users/simon.nebesnuick/Documents/GitHub/book-a-prison-visit-prototype/app/routes.js, aborting
Failed [Update routes file]
Found [// Add extra styles here, or re-organise the Sass files in whichever way makes most sense to you] in [/Users/simon.nebesnuick/Documents/GitHub/book-a-prison-visit-prototype/app/assets/sass/application.scss, replacing
Keeping these lines from old file
Succeeded [Delete app/assets/images/unbranded.ico]
Succeeded [Delete app/assets/images/separator-2x.png]
Succeeded [Delete app/assets/images/separator.png]
Succeeded [Delete app/assets/javascripts/jquery-1.11.3.js]
Succeeded [Delete app/assets/sass/unbranded.scss]
Succeeded [Delete app/assets/javascripts/auto-store-data.js]
Succeeded [Delete app/views/layout_unbranded.html]
Succeeded [Delete app/assets/sass/patterns/_step-by-step-header.scss]
Succeeded [Delete app/assets/sass/patterns/_step-by-step-related.scss]
Succeeded [Delete app/views/includes/breadcrumb_examples.html]
Succeeded [Delete app/assets/sass/patterns/_related-items.scss]
Succeeded [Remove unused directory gulp]
Succeeded [Delete app/assets/sass/patterns/_task-list.scss]
Succeeded [Delete app/assets/sass/patterns/_step-by-step-nav.scss]
Succeeded [Update application SCSS file]
Succeeded [Overwrite app/filters.js]
Succeeded [Remove unused directory lib]
Succeeded [Remove unused directory docs]
Succeeded [Deleted directories that are no longer needed]
Started [Delete app/views/includes/scripts.html]
Started [Delete app/views/includes/head.html]
Succeeded [Delete app/views/includes/scripts.html]
Succeeded [Delete app/views/includes/head.html]
Started [Remove old pattern includes from application SCSS file]
Succeeded [Remove old pattern includes from application SCSS file]
Started [Remove empty directory /app/assets/sass/patterns]
Started [Remove empty directory /app/views/includes]
Started [Remove empty directory /app/assets/images]
Skipped deleting /app/assets/images
Succeeded [Remove empty directory /app/views/includes]
Succeeded [Remove empty directory /app/assets/sass/patterns]
